[debug] [2022-12-25T08:16:51.245Z] ----------------------------------------------------------------------
[debug] [2022-12-25T08:16:51.247Z] Command:       C:\Program Files\nodejs\node.exe C:\Users\Vinay\AppData\Roaming\npm\node_modules\firebase-tools\lib\bin\firebase.js init
[debug] [2022-12-25T08:16:51.247Z] CLI Version:   11.19.0
[debug] [2022-12-25T08:16:51.247Z] Platform:      win32
[debug] [2022-12-25T08:16:51.247Z] Node Version:  v16.16.0
[debug] [2022-12-25T08:16:51.248Z] Time:          Sun Dec 25 2022 13:46:51 GMT+0530 (India Standard Time)
[debug] [2022-12-25T08:16:51.248Z] ----------------------------------------------------------------------
[debug] 
[debug] [2022-12-25T08:16:51.314Z] > command requires scopes: ["email","openid","https://www.googleapis.com/auth/cloudplatformprojects.readonly","https://www.googleapis.com/auth/firebase","https://www.googleapis.com/auth/cloud-platform"]
[debug] [2022-12-25T08:16:51.315Z] > authorizing via signed-in user (techtolite@gmail.com)
[info] 
     ######## #### ########  ######## ########     ###     ######  ########
     ##        ##  ##     ## ##       ##     ##  ##   ##  ##       ##
     ######    ##  ########  ######   ########  #########  ######  ######
     ##        ##  ##    ##  ##       ##     ## ##     ##       ## ##
     ##       #### ##     ## ######## ########  ##     ##  ######  ########

You're about to initialize a Firebase project in this directory:

  E:\Development-stuff\resume-builder

Before we get started, keep in mind:

  * You are initializing within an existing Firebase project directory

[info] 
=== Project Setup
[info] 
[info] First, let's associate this project directory with a Firebase project.
[info] You can create multiple project aliases by running firebase use --add, 
[info] but for now we'll just set up a default project.
[info] 
[debug] [2022-12-25T08:17:01.786Z] Using project from CLI flag: resumebuilder-tech2lite
[debug] [2022-12-25T08:17:01.788Z] >>> [apiv2][query] GET https://firebase.googleapis.com/v1beta1/projects/resumebuilder-tech2lite [none]
[debug] [2022-12-25T08:17:02.419Z] <<< [apiv2][status] GET https://firebase.googleapis.com/v1beta1/projects/resumebuilder-tech2lite 200
[debug] [2022-12-25T08:17:02.420Z] <<< [apiv2][body] GET https://firebase.googleapis.com/v1beta1/projects/resumebuilder-tech2lite {"projectId":"resumebuilder-tech2lite","projectNumber":"733493589144","displayName":"resumebuilder","name":"projects/resumebuilder-tech2lite","resources":{"hostingSite":"resumebuilder-tech2lite"},"state":"ACTIVE","etag":"1_4da5c228-08c2-41e5-aaaa-e96e0f654e4b"}
[info] i  Using project resumebuilder-tech2lite (resumebuilder) 
[info] 
=== Hosting Setup
[info] 
[info] Your public directory is the folder (relative to your project directory) that
[info] will contain Hosting assets to be uploaded with firebase deploy. If you
[info] have a build process for your assets, use your build's output directory.
[info] 
[debug] [2022-12-25T08:17:20.228Z] >>> [apiv2][query] GET https://www.gstatic.com/firebasejs/releases.json [none]
[debug] [2022-12-25T08:17:20.329Z] <<< [apiv2][status] GET https://www.gstatic.com/firebasejs/releases.json 200
[debug] [2022-12-25T08:17:20.329Z] <<< [apiv2][body] GET https://www.gstatic.com/firebasejs/releases.json {"current":{"version":"9.15.0","browserURL":"https://www.gstatic.com/firebasejs/9.15.0/firebase.js","packageURL":"https://www.gstatic.com/firebasejs/9.15.0/firebase.tgz"},"live":{"version":"9.15","browserURL":"https://www.gstatic.com/firebasejs/live/9.15/firebase.js","packageURL":"https://www.gstatic.com/firebasejs/live/9.15/firebase.tgz"},"components":{"analytics":"https://www.gstatic.com/firebasejs/9.15.0/firebase-analytics.js","app":"https://www.gstatic.com/firebasejs/9.15.0/firebase-app.js","app-check":"https://www.gstatic.com/firebasejs/9.15.0/firebase-app-check.js","auth":"https://www.gstatic.com/firebasejs/9.15.0/firebase-auth.js","auth/cordova":"https://www.gstatic.com/firebasejs/9.15.0/firebase-auth/cordova.js","auth/react-native":"https://www.gstatic.com/firebasejs/9.15.0/firebase-auth/react-native.js","functions":"https://www.gstatic.com/firebasejs/9.15.0/firebase-functions.js","firestore":"https://www.gstatic.com/firebasejs/9.15.0/firebase-firestore.js","firestore/lite":"https://www.gstatic.com/firebasejs/9.15.0/firebase-firestore/lite.js","installations":"https://www.gstatic.com/firebasejs/9.15.0/firebase-installations.js","storage":"https://www.gstatic.com/firebasejs/9.15.0/firebase-storage.js","performance":"https://www.gstatic.com/firebasejs/9.15.0/firebase-performance.js","remote-config":"https://www.gstatic.com/firebasejs/9.15.0/firebase-remote-config.js","messaging":"https://www.gstatic.com/firebasejs/9.15.0/firebase-messaging.js","messaging/sw":"https://www.gstatic.com/firebasejs/9.15.0/firebase-messaging/sw.js","database":"https://www.gstatic.com/firebasejs/9.15.0/firebase-database.js","firestore.memory":"https://www.gstatic.com/firebasejs/9.15.0/firebase-firestore.memory.js"}}
[info] +  Wrote build/index.html 
[info] 
[info] i  Detected a .git folder at E:\Development-stuff\resume-builder 
[info] i  Authorizing with GitHub to upload your service account to a GitHub repository's secrets store. 
[info] 
[info] Visit this URL on this device to log in:
[info] https://github.com/login/oauth/authorize?client_id=89cf50f02ac6aaed3484&state=424000712&redirect_uri=http%3A%2F%2Flocalhost%3A9005&scope=read%3Auser%20repo%20public_repo
[info] 
[info] Waiting for authentication...
[debug] [2022-12-25T08:17:37.092Z] >>> [apiv2][query] POST https://github.com/login/oauth/access_token [none]
[debug] [2022-12-25T08:17:37.092Z] >>> [apiv2][body] POST https://github.com/login/oauth/access_token [stream]
[debug] [2022-12-25T08:17:37.528Z] <<< [apiv2][status] POST https://github.com/login/oauth/access_token 200
[debug] [2022-12-25T08:17:37.528Z] <<< [apiv2][body] POST https://github.com/login/oauth/access_token {"access_token":"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","token_type":"bearer","scope":"read:user,repo"}
[debug] [2022-12-25T08:17:37.533Z] >>> [apiv2][query] GET https://api.github.com/user [none]
[debug] [2022-12-25T08:17:37.946Z] <<< [apiv2][status] GET https://api.github.com/user 200
[debug] [2022-12-25T08:17:37.947Z] <<< [apiv2][body] GET https://api.github.com/user {"login":"vinaykanth97","id":31034875,"node_id":"MDQ6VXNlcjMxMDM0ODc1","avatar_url":"https://avatars.githubusercontent.com/u/31034875?v=4","gravatar_id":"","url":"https://api.github.com/users/vinaykanth97","html_url":"https://github.com/vinaykanth97","followers_url":"https://api.github.com/users/vinaykanth97/followers","following_url":"https://api.github.com/users/vinaykanth97/following{/other_user}","gists_url":"https://api.github.com/users/vinaykanth97/gists{/gist_id}","starred_url":"https://api.github.com/users/vinaykanth97/starred{/owner}{/repo}","subscriptions_url":"https://api.github.com/users/vinaykanth97/subscriptions","organizations_url":"https://api.github.com/users/vinaykanth97/orgs","repos_url":"https://api.github.com/users/vinaykanth97/repos","events_url":"https://api.github.com/users/vinaykanth97/events{/privacy}","received_events_url":"https://api.github.com/users/vinaykanth97/received_events","type":"User","site_admin":false,"name":"vinay","company":null,"blog":"","location":null,"email":null,"hireable":null,"bio":"Consistency is the key","twitter_username":null,"public_repos":48,"public_gists":0,"followers":4,"following":9,"created_at":"2017-08-15T10:26:27Z","updated_at":"2022-12-17T17:18:49Z","private_gists":0,"total_private_repos":2,"owned_private_repos":2,"disk_usage":222819,"collaborators":2,"two_factor_authentication":false,"plan":{"name":"free","space":976562499,"collaborators":0,"private_repos":10000}}
[info] 
[info] +  Success! Logged into GitHub as vinaykanth97 
[info] 
